2024-11-25 15:06:18,526 WARNING database DDL Query made to DB:
ALTER TABLE `tabLead` MODIFY `custom_lead_json` json, MODIFY `annual_revenue` decimal(21,9) not null default 0
2024-11-25 15:06:19,066 WARNING database DDL Query made to DB:
ALTER TABLE `tabLead` MODIFY `custom_lead_json` json, MODIFY `annual_revenue` decimal(21,9) not null default 0
2024-11-25 15:07:10,565 WARNING database DDL Query made to DB:
ALTER TABLE `tabLead` MODIFY `annual_revenue` decimal(21,9) not null default 0, MODIFY `custom_lead_json` json
2024-11-25 15:07:26,250 WARNING database DDL Query made to DB:
ALTER TABLE `tabLead` MODIFY `annual_revenue` decimal(21,9) not null default 0, MODIFY `custom_lead_json` json
2024-11-25 15:08:18,464 WARNING database DDL Query made to DB:
ALTER TABLE `tabLead` MODIFY `annual_revenue` decimal(21,9) not null default 0, MODIFY `custom_lead_json` json
2024-11-25 15:20:27,617 WARNING database DDL Query made to DB:
DROP TABLE IF EXISTS `tabwoocommerce Tax Account`
2024-11-25 15:20:27,668 WARNING database DDL Query made to DB:
DROP TABLE IF EXISTS `tabWooWarehouses`
2024-11-25 15:20:27,727 WARNING database DDL Query made to DB:
DROP TABLE IF EXISTS `tabItem Product Category`
2024-11-25 15:20:27,780 WARNING database DDL Query made to DB:
DROP TABLE IF EXISTS `tabWooCommerce Tax Rule`
2024-11-25 15:20:27,873 WARNING database DDL Query made to DB:
DROP TABLE IF EXISTS `tabWooCommerce SO Status`
2024-11-25 15:20:27,993 WARNING database DDL Query made to DB:
DROP TABLE IF EXISTS `tabwoocommerce Log`
2024-11-25 15:20:51,784 WARNING database DDL Query made to DB:
DROP TABLE IF EXISTS `tabWhatsApp Notification Log`
2024-11-25 15:20:51,845 WARNING database DDL Query made to DB:
DROP TABLE IF EXISTS `tabWhatsApp Templates`
2024-11-25 15:20:51,913 WARNING database DDL Query made to DB:
DROP TABLE IF EXISTS `tabWhatsApp Notification`
2024-11-25 15:20:51,995 WARNING database DDL Query made to DB:
DROP TABLE IF EXISTS `tabWhatsApp Message Fields`
2024-11-25 15:20:52,097 WARNING database DDL Query made to DB:
DROP TABLE IF EXISTS `tabWhatsApp Message`
2024-11-25 15:21:40,060 WARNING database DDL Query made to DB:
DROP TABLE IF EXISTS `tabRead By`
2024-11-25 15:21:40,124 WARNING database DDL Query made to DB:
DROP TABLE IF EXISTS `tabSync New Add`
2024-11-25 15:21:40,180 WARNING database DDL Query made to DB:
DROP TABLE IF EXISTS `tabPage ID`
2024-11-25 15:21:40,241 WARNING database DDL Query made to DB:
DROP TABLE IF EXISTS `tabMeta Forms`
2024-11-25 15:23:28,157 WARNING database DDL Query made to DB:
DROP TABLE IF EXISTS `tabIndiaMART Query`
2024-11-25 15:23:28,217 WARNING database DDL Query made to DB:
DROP TABLE IF EXISTS `tabIndiaMART API Logs`
2024-11-25 15:24:16,597 WARNING database DDL Query made to DB:
alter table `tabDocType` add column if not exists migration_hash varchar(140)
2024-11-25 15:24:17,589 WARNING database DDL Query made to DB:
ALTER TABLE `tabPrint Heading` DROP INDEX `print_heading`
2024-11-25 15:24:18,826 WARNING database DDL Query made to DB:
ALTER TABLE `tabPrint Heading` ADD UNIQUE INDEX IF NOT EXISTS print_heading (`print_heading`)
